Determining if the pthread_create exist failed with the following output:
Change Dir: /home/turtlebot/ros_workspace/argo/build/CMakeFiles/CMakeTmp

Run Build Command:"/usr/bin/make" "cmTC_411b0/fast"
/usr/bin/make -f CMakeFiles/cmTC_411b0.dir/build.make CMakeFiles/cmTC_411b0.dir/build
make[1]: Entering directory '/home/turtlebot/ros_workspace/argo/build/CMakeFiles/CMakeTmp'
Building C object CMakeFiles/cmTC_411b0.dir/CheckSymbolExists.c.o
/usr/bin/cc     -o CMakeFiles/cmTC_411b0.dir/CheckSymbolExists.c.o   -c /home/turtlebot/ros_workspace/argo/build/CMakeFiles/CMakeTmp/CheckSymbolExists.c
Linking C executable cmTC_411b0
/usr/bin/cmake -E cmake_link_script CMakeFiles/cmTC_411b0.dir/link.txt --verbose=1
/usr/bin/cc       CMakeFiles/cmTC_411b0.dir/CheckSymbolExists.c.o  -o cmTC_411b0 -rdynamic 
CMakeFiles/cmTC_411b0.dir/CheckSymbolExists.c.o: In function `main':
CheckSymbolExists.c:(.text+0xe): undefined reference to `pthread_create'
CheckSymbolExists.c:(.text+0x12): undefined reference to `pthread_create'
collect2: error: ld returned 1 exit status
CMakeFiles/cmTC_411b0.dir/build.make:97: recipe for target 'cmTC_411b0' failed
make[1]: *** [cmTC_411b0] Error 1
make[1]: Leaving directory '/home/turtlebot/ros_workspace/argo/build/CMakeFiles/CMakeTmp'
Makefile:126: recipe for target 'cmTC_411b0/fast' failed
make: *** [cmTC_411b0/fast] Error 2

File /home/turtlebot/ros_workspace/argo/build/CMakeFiles/CMakeTmp/CheckSymbolExists.c:
/* */
#include <pthread.h>

int main(int argc, char** argv)
{
  (void)argv;
#ifndef pthread_create
  return ((int*)(&pthread_create))[argc];
#else
  (void)argc;
  return 0;
#endif
}

Determining if the function pthread_create exists in the pthreads failed with the following output:
Change Dir: /home/turtlebot/ros_workspace/argo/build/CMakeFiles/CMakeTmp

Run Build Command:"/usr/bin/make" "cmTC_759db/fast"
/usr/bin/make -f CMakeFiles/cmTC_759db.dir/build.make CMakeFiles/cmTC_759db.dir/build
make[1]: Entering directory '/home/turtlebot/ros_workspace/argo/build/CMakeFiles/CMakeTmp'
Building C object CMakeFiles/cmTC_759db.dir/CheckFunctionExists.c.o
/usr/bin/cc    -DCHECK_FUNCTION_EXISTS=pthread_create   -o CMakeFiles/cmTC_759db.dir/CheckFunctionExists.c.o   -c /usr/share/cmake-3.5/Modules/CheckFunctionExists.c
Linking C executable cmTC_759db
/usr/bin/cmake -E cmake_link_script CMakeFiles/cmTC_759db.dir/link.txt --verbose=1
/usr/bin/cc   -DCHECK_FUNCTION_EXISTS=pthread_create    CMakeFiles/cmTC_759db.dir/CheckFunctionExists.c.o  -o cmTC_759db -rdynamic -lpthreads 
/usr/bin/ld: cannot find -lpthreads
collect2: error: ld returned 1 exit status
CMakeFiles/cmTC_759db.dir/build.make:97: recipe for target 'cmTC_759db' failed
make[1]: *** [cmTC_759db] Error 1
make[1]: Leaving directory '/home/turtlebot/ros_workspace/argo/build/CMakeFiles/CMakeTmp'
Makefile:126: recipe for target 'cmTC_759db/fast' failed
make: *** [cmTC_759db/fast] Error 2


