Determining if the pthread_create exist failed with the following output:
Change Dir: /home/turtlebot/ros_workspace/106lab4/build/CMakeFiles/CMakeTmp

Run Build Command:"/usr/bin/make" "cmTC_b3335/fast"
/usr/bin/make -f CMakeFiles/cmTC_b3335.dir/build.make CMakeFiles/cmTC_b3335.dir/build
make[1]: Entering directory '/home/turtlebot/ros_workspace/106lab4/build/CMakeFiles/CMakeTmp'
Building C object CMakeFiles/cmTC_b3335.dir/CheckSymbolExists.c.o
/usr/bin/cc     -o CMakeFiles/cmTC_b3335.dir/CheckSymbolExists.c.o   -c /home/turtlebot/ros_workspace/106lab4/build/CMakeFiles/CMakeTmp/CheckSymbolExists.c
Linking C executable cmTC_b3335
/usr/bin/cmake -E cmake_link_script CMakeFiles/cmTC_b3335.dir/link.txt --verbose=1
/usr/bin/cc       CMakeFiles/cmTC_b3335.dir/CheckSymbolExists.c.o  -o cmTC_b3335 -rdynamic 
CMakeFiles/cmTC_b3335.dir/CheckSymbolExists.c.o: In function `main':
CheckSymbolExists.c:(.text+0xe): undefined reference to `pthread_create'
CheckSymbolExists.c:(.text+0x12): undefined reference to `pthread_create'
collect2: error: ld returned 1 exit status
CMakeFiles/cmTC_b3335.dir/build.make:97: recipe for target 'cmTC_b3335' failed
make[1]: *** [cmTC_b3335] Error 1
make[1]: Leaving directory '/home/turtlebot/ros_workspace/106lab4/build/CMakeFiles/CMakeTmp'
Makefile:126: recipe for target 'cmTC_b3335/fast' failed
make: *** [cmTC_b3335/fast] Error 2

File /home/turtlebot/ros_workspace/106lab4/build/CMakeFiles/CMakeTmp/CheckSymbolExists.c:
/* */
#include <pthread.h>

int main(int argc, char** argv)
{
  (void)argv;
#ifndef pthread_create
  return ((int*)(&pthread_create))[argc];
#else
  (void)argc;
  return 0;
#endif
}

Determining if the function pthread_create exists in the pthreads failed with the following output:
Change Dir: /home/turtlebot/ros_workspace/106lab4/build/CMakeFiles/CMakeTmp

Run Build Command:"/usr/bin/make" "cmTC_9bccb/fast"
/usr/bin/make -f CMakeFiles/cmTC_9bccb.dir/build.make CMakeFiles/cmTC_9bccb.dir/build
make[1]: Entering directory '/home/turtlebot/ros_workspace/106lab4/build/CMakeFiles/CMakeTmp'
Building C object CMakeFiles/cmTC_9bccb.dir/CheckFunctionExists.c.o
/usr/bin/cc    -DCHECK_FUNCTION_EXISTS=pthread_create   -o CMakeFiles/cmTC_9bccb.dir/CheckFunctionExists.c.o   -c /usr/share/cmake-3.5/Modules/CheckFunctionExists.c
Linking C executable cmTC_9bccb
/usr/bin/cmake -E cmake_link_script CMakeFiles/cmTC_9bccb.dir/link.txt --verbose=1
/usr/bin/cc   -DCHECK_FUNCTION_EXISTS=pthread_create    CMakeFiles/cmTC_9bccb.dir/CheckFunctionExists.c.o  -o cmTC_9bccb -rdynamic -lpthreads 
/usr/bin/ld: cannot find -lpthreads
collect2: error: ld returned 1 exit status
CMakeFiles/cmTC_9bccb.dir/build.make:97: recipe for target 'cmTC_9bccb' failed
make[1]: *** [cmTC_9bccb] Error 1
make[1]: Leaving directory '/home/turtlebot/ros_workspace/106lab4/build/CMakeFiles/CMakeTmp'
Makefile:126: recipe for target 'cmTC_9bccb/fast' failed
make: *** [cmTC_9bccb/fast] Error 2


