Determining if the pthread_create exist failed with the following output:
Change Dir: /home/turtlebot/ros_workspace/RPi_cam/build/CMakeFiles/CMakeTmp

Run Build Command:"/usr/bin/make" "cmTC_13a56/fast"
/usr/bin/make -f CMakeFiles/cmTC_13a56.dir/build.make CMakeFiles/cmTC_13a56.dir/build
make[1]: Entering directory '/home/turtlebot/ros_workspace/RPi_cam/build/CMakeFiles/CMakeTmp'
Building C object CMakeFiles/cmTC_13a56.dir/CheckSymbolExists.c.o
/usr/bin/cc     -o CMakeFiles/cmTC_13a56.dir/CheckSymbolExists.c.o   -c /home/turtlebot/ros_workspace/RPi_cam/build/CMakeFiles/CMakeTmp/CheckSymbolExists.c
Linking C executable cmTC_13a56
/usr/bin/cmake -E cmake_link_script CMakeFiles/cmTC_13a56.dir/link.txt --verbose=1
/usr/bin/cc       CMakeFiles/cmTC_13a56.dir/CheckSymbolExists.c.o  -o cmTC_13a56 -rdynamic 
CMakeFiles/cmTC_13a56.dir/CheckSymbolExists.c.o: In function `main':
CheckSymbolExists.c:(.text+0xe): undefined reference to `pthread_create'
CheckSymbolExists.c:(.text+0x12): undefined reference to `pthread_create'
collect2: error: ld returned 1 exit status
CMakeFiles/cmTC_13a56.dir/build.make:97: recipe for target 'cmTC_13a56' failed
make[1]: *** [cmTC_13a56] Error 1
make[1]: Leaving directory '/home/turtlebot/ros_workspace/RPi_cam/build/CMakeFiles/CMakeTmp'
Makefile:126: recipe for target 'cmTC_13a56/fast' failed
make: *** [cmTC_13a56/fast] Error 2

File /home/turtlebot/ros_workspace/RPi_cam/build/CMakeFiles/CMakeTmp/CheckSymbolExists.c:
/* */
#include <pthread.h>

int main(int argc, char** argv)
{
  (void)argv;
#ifndef pthread_create
  return ((int*)(&pthread_create))[argc];
#else
  (void)argc;
  return 0;
#endif
}

Determining if the function pthread_create exists in the pthreads failed with the following output:
Change Dir: /home/turtlebot/ros_workspace/RPi_cam/build/CMakeFiles/CMakeTmp

Run Build Command:"/usr/bin/make" "cmTC_66d59/fast"
/usr/bin/make -f CMakeFiles/cmTC_66d59.dir/build.make CMakeFiles/cmTC_66d59.dir/build
make[1]: Entering directory '/home/turtlebot/ros_workspace/RPi_cam/build/CMakeFiles/CMakeTmp'
make[1]: Warning: File '/usr/share/cmake-3.5/Modules/CheckFunctionExists.c' has modification time 3619853 s in the future
Building C object CMakeFiles/cmTC_66d59.dir/CheckFunctionExists.c.o
/usr/bin/cc    -DCHECK_FUNCTION_EXISTS=pthread_create   -o CMakeFiles/cmTC_66d59.dir/CheckFunctionExists.c.o   -c /usr/share/cmake-3.5/Modules/CheckFunctionExists.c
Linking C executable cmTC_66d59
/usr/bin/cmake -E cmake_link_script CMakeFiles/cmTC_66d59.dir/link.txt --verbose=1
/usr/bin/cc   -DCHECK_FUNCTION_EXISTS=pthread_create    CMakeFiles/cmTC_66d59.dir/CheckFunctionExists.c.o  -o cmTC_66d59 -rdynamic -lpthreads 
/usr/bin/ld: cannot find -lpthreads
collect2: error: ld returned 1 exit status
CMakeFiles/cmTC_66d59.dir/build.make:97: recipe for target 'cmTC_66d59' failed
make[1]: *** [cmTC_66d59] Error 1
make[1]: Leaving directory '/home/turtlebot/ros_workspace/RPi_cam/build/CMakeFiles/CMakeTmp'
Makefile:126: recipe for target 'cmTC_66d59/fast' failed
make: *** [cmTC_66d59/fast] Error 2


